Flow report for MyAnd16bit
Sat Mar 28 17:58:41 2026
Quartus Prime Version 19.1.0 Build 670 09/22/2019 SJ Lite Edition


---------------------
; Table of Contents ;
---------------------
  1. Legal Notice
  2. Flow Summary
  3. Flow Settings
  4. Flow Non-Default Global Settings
  5. Flow Elapsed Time
  6. Flow OS Summary
  7. Flow Log
  8. Flow Messages
  9. Flow Suppressed Messages



----------------
; Legal Notice ;
----------------
Copyright (C) 2019  Intel Corporation. All rights reserved.
Your use of Intel Corporation's design tools, logic functions 
and other software and tools, and any partner logic 
functions, and any output files from any of the foregoing 
(including device programming or simulation files), and any 
associated documentation or information are expressly subject 
to the terms and conditions of the Intel Program License 
Subscription Agreement, the Intel Quartus Prime License Agreement,
the Intel FPGA IP License Agreement, or other applicable license
agreement, including, without limitation, that your use is for
the sole purpose of programming logic devices manufactured by
Intel and sold by Intel or its authorized distributors.  Please
refer to the applicable agreement for further details, at
https://fpgasoftware.intel.com/eula.



+-------------------------------------------------------------------------------+
; Flow Summary                                                                  ;
+---------------------------------+---------------------------------------------+
; Flow Status                     ; Successful - Sat Mar 28 17:58:41 2026       ;
; Quartus Prime Version           ; 19.1.0 Build 670 09/22/2019 SJ Lite Edition ;
; Revision Name                   ; MyAnd16bit                                  ;
; Top-level Entity Name           ; MyAnd16bit                                  ;
; Family                          ; Cyclone V                                   ;
; Device                          ; 5CGXFC7C7F23C8                              ;
; Timing Models                   ; Final                                       ;
; Logic utilization (in ALMs)     ; 9 / 56,480 ( < 1 % )                        ;
; Total registers                 ; 0                                           ;
; Total pins                      ; 48 / 268 ( 18 % )                           ;
; Total virtual pins              ; 0                                           ;
; Total block memory bits         ; 0 / 7,024,640 ( 0 % )                       ;
; Total DSP Blocks                ; 0 / 156 ( 0 % )                             ;
; Total HSSI RX PCSs              ; 0 / 6 ( 0 % )                               ;
; Total HSSI PMA RX Deserializers ; 0 / 6 ( 0 % )                               ;
; Total HSSI TX PCSs              ; 0 / 6 ( 0 % )                               ;
; Total HSSI PMA TX Serializers   ; 0 / 6 ( 0 % )                               ;
; Total PLLs                      ; 0 / 13 ( 0 % )                              ;
; Total DLLs                      ; 0 / 4 ( 0 % )                               ;
+---------------------------------+---------------------------------------------+


+-----------------------------------------+
; Flow Settings                           ;
+-------------------+---------------------+
; Option            ; Setting             ;
+-------------------+---------------------+
; Start date & time ; 03/28/2026 17:56:07 ;
; Main task         ; Compilation         ;
; Revision Name     ; MyAnd16bit          ;
+-------------------+---------------------+


+-------------------------------------------------------------------------------------------------------------------------+
; Flow Non-Default Global Settings                                                                                        ;
+-------------------------------------+----------------------------------------+---------------+-------------+------------+
; Assignment Name                     ; Value                                  ; Default Value ; Entity Name ; Section Id ;
+-------------------------------------+----------------------------------------+---------------+-------------+------------+
; COMPILER_SIGNATURE_ID               ; 233497577200087.177471336701396        ; --            ; --          ; --         ;
; PARTITION_COLOR                     ; -- (Not supported for targeted family) ; --            ; --          ; Top        ;
; PARTITION_FITTER_PRESERVATION_LEVEL ; -- (Not supported for targeted family) ; --            ; --          ; Top        ;
; PARTITION_NETLIST_TYPE              ; -- (Not supported for targeted family) ; --            ; --          ; Top        ;
; PROJECT_OUTPUT_DIRECTORY            ; output_files                           ; --            ; --          ; --         ;
+-------------------------------------+----------------------------------------+---------------+-------------+------------+


+--------------------------------------------------------------------------------------------------------------------------+
; Flow Elapsed Time                                                                                                        ;
+----------------------+--------------+-------------------------+---------------------+------------------------------------+
; Module Name          ; Elapsed Time ; Average Processors Used ; Peak Virtual Memory ; Total CPU Time (on all processors) ;
+----------------------+--------------+-------------------------+---------------------+------------------------------------+
; Analysis & Synthesis ; 00:00:05     ; 1.0                     ; 4883 MB             ; 00:00:15                           ;
; Fitter               ; 00:00:33     ; 1.0                     ; 7969 MB             ; 00:03:05                           ;
; Assembler            ; 00:00:05     ; 1.0                     ; 4851 MB             ; 00:00:05                           ;
; Timing Analyzer      ; 00:00:04     ; 1.2                     ; 5341 MB             ; 00:00:05                           ;
; EDA Netlist Writer   ; 00:00:01     ; 1.0                     ; 4734 MB             ; 00:00:01                           ;
; EDA Netlist Writer   ; 00:00:01     ; 1.0                     ; 4743 MB             ; 00:00:01                           ;
; EDA Netlist Writer   ; 00:00:00     ; 1.0                     ; 4732 MB             ; 00:00:01                           ;
; EDA Netlist Writer   ; 00:00:00     ; 1.0                     ; 4743 MB             ; 00:00:01                           ;
; EDA Netlist Writer   ; 00:00:01     ; 1.0                     ; 4732 MB             ; 00:00:01                           ;
; EDA Netlist Writer   ; 00:00:01     ; 1.0                     ; 4743 MB             ; 00:00:01                           ;
; Total                ; 00:00:51     ; --                      ; --                  ; 00:03:36                           ;
+----------------------+--------------+-------------------------+---------------------+------------------------------------+


+------------------------------------------------------------------------------------+
; Flow OS Summary                                                                    ;
+----------------------+------------------+------------+------------+----------------+
; Module Name          ; Machine Hostname ; OS Name    ; OS Version ; Processor type ;
+----------------------+------------------+------------+------------+----------------+
; Analysis & Synthesis ; VaggelisPC       ; Windows 10 ; 10.0       ; x86_64         ;
; Fitter               ; VaggelisPC       ; Windows 10 ; 10.0       ; x86_64         ;
; Assembler            ; VaggelisPC       ; Windows 10 ; 10.0       ; x86_64         ;
; Timing Analyzer      ; VaggelisPC       ; Windows 10 ; 10.0       ; x86_64         ;
; EDA Netlist Writer   ; VaggelisPC       ; Windows 10 ; 10.0       ; x86_64         ;
; EDA Netlist Writer   ; VaggelisPC       ; Windows 10 ; 10.0       ; x86_64         ;
; EDA Netlist Writer   ; VaggelisPC       ; Windows 10 ; 10.0       ; x86_64         ;
; EDA Netlist Writer   ; VaggelisPC       ; Windows 10 ; 10.0       ; x86_64         ;
; EDA Netlist Writer   ; VaggelisPC       ; Windows 10 ; 10.0       ; x86_64         ;
; EDA Netlist Writer   ; VaggelisPC       ; Windows 10 ; 10.0       ; x86_64         ;
+----------------------+------------------+------------+------------+----------------+


------------
; Flow Log ;
------------
quartus_map --read_settings_files=on --write_settings_files=off MyAnd16bit -c MyAnd16bit
quartus_fit --read_settings_files=off --write_settings_files=off MyAnd16bit -c MyAnd16bit
quartus_asm --read_settings_files=off --write_settings_files=off MyAnd16bit -c MyAnd16bit
quartus_sta MyAnd16bit -c MyAnd16bit
quartus_eda --gen_testbench --tool=modelsim_oem --format=vhdl --write_settings_files=off MyAnd16bit -c MyAnd16bit --vector_source="C:/Quartus projects/ergasia 1/MyAnd16bit/Waveform.vwf" --testbench_file="C:/Quartus projects/ergasia 1/MyAnd16bit/simulation/qsim/Waveform.vwf.vht"
quartus_eda --write_settings_files=off --simulation=on --functional=on --flatten_buses=off --tool=modelsim_oem --format=vhdl --output_directory="C:/Quartus projects/ergasia 1/MyAnd16bit/simulation/qsim/" MyAnd16bit -c MyAnd16bit
quartus_eda --gen_testbench --tool=modelsim_oem --format=vhdl --write_settings_files=off MyAnd16bit -c MyAnd16bit --vector_source="C:/Quartus projects/ergasia 1/MyAnd16bit/Waveform.vwf" --testbench_file="C:/Quartus projects/ergasia 1/MyAnd16bit/simulation/qsim/Waveform.vwf.vht"
quartus_eda --write_settings_files=off --simulation=on --functional=on --flatten_buses=off --tool=modelsim_oem --format=vhdl --output_directory="C:/Quartus projects/ergasia 1/MyAnd16bit/simulation/qsim/" MyAnd16bit -c MyAnd16bit
quartus_eda --gen_testbench --tool=modelsim_oem --format=vhdl --write_settings_files=off MyAnd16bit -c MyAnd16bit --vector_source="C:/Quartus projects/ergasia 1/MyAnd16bit/Waveform.vwf" --testbench_file="C:/Quartus projects/ergasia 1/MyAnd16bit/simulation/qsim/Waveform.vwf.vht"
quartus_eda --write_settings_files=off --simulation=on --functional=on --flatten_buses=off --tool=modelsim_oem --format=vhdl --output_directory="C:/Quartus projects/ergasia 1/MyAnd16bit/simulation/qsim/" MyAnd16bit -c MyAnd16bit



