Flow report for MyRegister16bit
Sat Apr 04 20:19:38 2026
Quartus Prime Version 19.1.0 Build 670 09/22/2019 SJ Lite Edition


---------------------
; Table of Contents ;
---------------------
  1. Legal Notice
  2. Flow Summary
  3. Flow Settings
  4. Flow Non-Default Global Settings
  5. Flow Elapsed Time
  6. Flow OS Summary
  7. Flow Log
  8. Flow Messages
  9. Flow Suppressed Messages



----------------
; Legal Notice ;
----------------
Copyright (C) 2019  Intel Corporation. All rights reserved.
Your use of Intel Corporation's design tools, logic functions 
and other software and tools, and any partner logic 
functions, and any output files from any of the foregoing 
(including device programming or simulation files), and any 
associated documentation or information are expressly subject 
to the terms and conditions of the Intel Program License 
Subscription Agreement, the Intel Quartus Prime License Agreement,
the Intel FPGA IP License Agreement, or other applicable license
agreement, including, without limitation, that your use is for
the sole purpose of programming logic devices manufactured by
Intel and sold by Intel or its authorized distributors.  Please
refer to the applicable agreement for further details, at
https://fpgasoftware.intel.com/eula.



+-------------------------------------------------------------------------------+
; Flow Summary                                                                  ;
+---------------------------------+---------------------------------------------+
; Flow Status                     ; Successful - Sat Apr 04 20:19:38 2026       ;
; Quartus Prime Version           ; 19.1.0 Build 670 09/22/2019 SJ Lite Edition ;
; Revision Name                   ; MyRegister16bit                             ;
; Top-level Entity Name           ; MyRegister16bit                             ;
; Family                          ; Cyclone V                                   ;
; Device                          ; 5CGXFC7C7F23C8                              ;
; Timing Models                   ; Final                                       ;
; Logic utilization (in ALMs)     ; 5 / 56,480 ( < 1 % )                        ;
; Total registers                 ; 16                                          ;
; Total pins                      ; 35 / 268 ( 13 % )                           ;
; Total virtual pins              ; 0                                           ;
; Total block memory bits         ; 0 / 7,024,640 ( 0 % )                       ;
; Total DSP Blocks                ; 0 / 156 ( 0 % )                             ;
; Total HSSI RX PCSs              ; 0 / 6 ( 0 % )                               ;
; Total HSSI PMA RX Deserializers ; 0 / 6 ( 0 % )                               ;
; Total HSSI TX PCSs              ; 0 / 6 ( 0 % )                               ;
; Total HSSI PMA TX Serializers   ; 0 / 6 ( 0 % )                               ;
; Total PLLs                      ; 0 / 13 ( 0 % )                              ;
; Total DLLs                      ; 0 / 4 ( 0 % )                               ;
+---------------------------------+---------------------------------------------+


+-----------------------------------------+
; Flow Settings                           ;
+-------------------+---------------------+
; Option            ; Setting             ;
+-------------------+---------------------+
; Start date & time ; 04/04/2026 19:51:07 ;
; Main task         ; Compilation         ;
; Revision Name     ; MyRegister16bit     ;
+-------------------+---------------------+


+-------------------------------------------------------------------------------------------------------------------------+
; Flow Non-Default Global Settings                                                                                        ;
+-------------------------------------+----------------------------------------+---------------+-------------+------------+
; Assignment Name                     ; Value                                  ; Default Value ; Entity Name ; Section Id ;
+-------------------------------------+----------------------------------------+---------------+-------------+------------+
; COMPILER_SIGNATURE_ID               ; 176914188673568.177532146715144        ; --            ; --          ; --         ;
; MAX_CORE_JUNCTION_TEMP              ; 85                                     ; --            ; --          ; --         ;
; MIN_CORE_JUNCTION_TEMP              ; 0                                      ; --            ; --          ; --         ;
; PARTITION_COLOR                     ; -- (Not supported for targeted family) ; --            ; --          ; Top        ;
; PARTITION_FITTER_PRESERVATION_LEVEL ; -- (Not supported for targeted family) ; --            ; --          ; Top        ;
; PARTITION_NETLIST_TYPE              ; -- (Not supported for targeted family) ; --            ; --          ; Top        ;
; POWER_BOARD_THERMAL_MODEL           ; None (CONSERVATIVE)                    ; --            ; --          ; --         ;
; POWER_PRESET_COOLING_SOLUTION       ; 23 MM HEAT SINK WITH 200 LFPM AIRFLOW  ; --            ; --          ; --         ;
; PROJECT_OUTPUT_DIRECTORY            ; output_files                           ; --            ; --          ; --         ;
+-------------------------------------+----------------------------------------+---------------+-------------+------------+


+--------------------------------------------------------------------------------------------------------------------------+
; Flow Elapsed Time                                                                                                        ;
+----------------------+--------------+-------------------------+---------------------+------------------------------------+
; Module Name          ; Elapsed Time ; Average Processors Used ; Peak Virtual Memory ; Total CPU Time (on all processors) ;
+----------------------+--------------+-------------------------+---------------------+------------------------------------+
; Analysis & Synthesis ; 00:00:10     ; 1.0                     ; 4874 MB             ; 00:00:22                           ;
; Fitter               ; 00:00:29     ; 1.0                     ; 6770 MB             ; 00:00:57                           ;
; Assembler            ; 00:00:06     ; 1.0                     ; 4867 MB             ; 00:00:07                           ;
; Timing Analyzer      ; 00:00:06     ; 1.0                     ; 5231 MB             ; 00:00:05                           ;
; EDA Netlist Writer   ; 00:00:01     ; 1.0                     ; 4749 MB             ; 00:00:01                           ;
; EDA Netlist Writer   ; 00:00:01     ; 1.0                     ; 4750 MB             ; 00:00:01                           ;
; Total                ; 00:00:53     ; --                      ; --                  ; 00:01:33                           ;
+----------------------+--------------+-------------------------+---------------------+------------------------------------+


+-----------------------------------------------------------------------------------+
; Flow OS Summary                                                                   ;
+----------------------+------------------+-----------+------------+----------------+
; Module Name          ; Machine Hostname ; OS Name   ; OS Version ; Processor type ;
+----------------------+------------------+-----------+------------+----------------+
; Analysis & Synthesis ; LAPTOP-KTODDQBN  ; Windows 8 ; 6.2        ; x86_64         ;
; Fitter               ; LAPTOP-KTODDQBN  ; Windows 8 ; 6.2        ; x86_64         ;
; Assembler            ; LAPTOP-KTODDQBN  ; Windows 8 ; 6.2        ; x86_64         ;
; Timing Analyzer      ; LAPTOP-KTODDQBN  ; Windows 8 ; 6.2        ; x86_64         ;
; EDA Netlist Writer   ; LAPTOP-KTODDQBN  ; Windows 8 ; 6.2        ; x86_64         ;
; EDA Netlist Writer   ; LAPTOP-KTODDQBN  ; Windows 8 ; 6.2        ; x86_64         ;
+----------------------+------------------+-----------+------------+----------------+


------------
; Flow Log ;
------------
quartus_map --read_settings_files=on --write_settings_files=off MyRegister16bit -c MyRegister16bit
quartus_fit --read_settings_files=off --write_settings_files=off MyRegister16bit -c MyRegister16bit
quartus_asm --read_settings_files=off --write_settings_files=off MyRegister16bit -c MyRegister16bit
quartus_sta MyRegister16bit -c MyRegister16bit
quartus_eda --gen_testbench --tool=modelsim_oem --format=vhdl --write_settings_files=off MyRegister16bit -c MyRegister16bit --vector_source=C:/ERGASIA1_COMP_ARCH/16bit-CPU/MyRegister16bit/Waveform.vwf --testbench_file=C:/ERGASIA1_COMP_ARCH/16bit-CPU/MyRegister16bit/simulation/qsim/Waveform.vwf.vht
quartus_eda --write_settings_files=off --simulation=on --functional=on --flatten_buses=off --tool=modelsim_oem --format=vhdl --output_directory=C:/ERGASIA1_COMP_ARCH/16bit-CPU/MyRegister16bit/simulation/qsim/ MyRegister16bit -c MyRegister16bit



