Flow report for MyFlipFlopF_16
Wed Apr 08 20:02:41 2026
Quartus Prime Version 19.1.0 Build 670 09/22/2019 SJ Lite Edition


---------------------
; Table of Contents ;
---------------------
  1. Legal Notice
  2. Flow Summary
  3. Flow Settings
  4. Flow Non-Default Global Settings
  5. Flow Elapsed Time
  6. Flow OS Summary
  7. Flow Log
  8. Flow Messages
  9. Flow Suppressed Messages



----------------
; Legal Notice ;
----------------
Copyright (C) 2019  Intel Corporation. All rights reserved.
Your use of Intel Corporation's design tools, logic functions 
and other software and tools, and any partner logic 
functions, and any output files from any of the foregoing 
(including device programming or simulation files), and any 
associated documentation or information are expressly subject 
to the terms and conditions of the Intel Program License 
Subscription Agreement, the Intel Quartus Prime License Agreement,
the Intel FPGA IP License Agreement, or other applicable license
agreement, including, without limitation, that your use is for
the sole purpose of programming logic devices manufactured by
Intel and sold by Intel or its authorized distributors.  Please
refer to the applicable agreement for further details, at
https://fpgasoftware.intel.com/eula.



+---------------------------------------------------------------------+
; Flow Summary                                                        ;
+-----------------------+---------------------------------------------+
; Flow Status           ; Successful - Wed Apr 08 20:02:41 2026       ;
; Quartus Prime Version ; 19.1.0 Build 670 09/22/2019 SJ Lite Edition ;
; Revision Name         ; MyFlipFlopF_16                              ;
; Top-level Entity Name ; MyFlipFlopF_16                              ;
; Family                ; MAX II                                      ;
; Total logic elements  ; 17 / 240 ( 7 % )                            ;
; Total pins            ; 35 / 80 ( 44 % )                            ;
; Total virtual pins    ; 0                                           ;
; UFM blocks            ; 0 / 1 ( 0 % )                               ;
; Device                ; EPM240T100C3                                ;
; Timing Models         ; Final                                       ;
+-----------------------+---------------------------------------------+


+-----------------------------------------+
; Flow Settings                           ;
+-------------------+---------------------+
; Option            ; Setting             ;
+-------------------+---------------------+
; Start date & time ; 04/08/2026 20:02:26 ;
; Main task         ; Compilation         ;
; Revision Name     ; MyFlipFlopF_16      ;
+-------------------+---------------------+


+-------------------------------------------------------------------------------------------------------------------------------------+
; Flow Non-Default Global Settings                                                                                                    ;
+---------------------------------+---------------------------------+---------------+-------------+-----------------------------------+
; Assignment Name                 ; Value                           ; Default Value ; Entity Name ; Section Id                        ;
+---------------------------------+---------------------------------+---------------+-------------+-----------------------------------+
; COMPILER_SIGNATURE_ID           ; 211267916159713.177566774606176 ; --            ; --          ; --                                ;
; EDA_GENERATE_FUNCTIONAL_NETLIST ; Off                             ; --            ; --          ; eda_board_design_timing           ;
; EDA_GENERATE_FUNCTIONAL_NETLIST ; Off                             ; --            ; --          ; eda_board_design_boundary_scan    ;
; EDA_GENERATE_FUNCTIONAL_NETLIST ; Off                             ; --            ; --          ; eda_board_design_signal_integrity ;
; EDA_GENERATE_FUNCTIONAL_NETLIST ; Off                             ; --            ; --          ; eda_board_design_symbol           ;
; EDA_OUTPUT_DATA_FORMAT          ; Vhdl                            ; --            ; --          ; eda_simulation                    ;
; EDA_SIMULATION_TOOL             ; ModelSim-Altera (VHDL)          ; <None>        ; --          ; --                                ;
; EDA_TIME_SCALE                  ; 1 ps                            ; --            ; --          ; eda_simulation                    ;
; PROJECT_OUTPUT_DIRECTORY        ; output_files                    ; --            ; --          ; --                                ;
+---------------------------------+---------------------------------+---------------+-------------+-----------------------------------+


+--------------------------------------------------------------------------------------------------------------------------+
; Flow Elapsed Time                                                                                                        ;
+----------------------+--------------+-------------------------+---------------------+------------------------------------+
; Module Name          ; Elapsed Time ; Average Processors Used ; Peak Virtual Memory ; Total CPU Time (on all processors) ;
+----------------------+--------------+-------------------------+---------------------+------------------------------------+
; Analysis & Synthesis ; 00:00:08     ; 1.0                     ; 4762 MB             ; 00:00:20                           ;
; Fitter               ; 00:00:01     ; 1.0                     ; 5326 MB             ; 00:00:01                           ;
; Assembler            ; 00:00:01     ; 1.0                     ; 4662 MB             ; 00:00:00                           ;
; Timing Analyzer      ; 00:00:00     ; 1.0                     ; 4676 MB             ; 00:00:01                           ;
; EDA Netlist Writer   ; 00:00:01     ; 1.0                     ; 4620 MB             ; 00:00:01                           ;
; Total                ; 00:00:11     ; --                      ; --                  ; 00:00:23                           ;
+----------------------+--------------+-------------------------+---------------------+------------------------------------+


+------------------------------------------------------------------------------------+
; Flow OS Summary                                                                    ;
+----------------------+------------------+------------+------------+----------------+
; Module Name          ; Machine Hostname ; OS Name    ; OS Version ; Processor type ;
+----------------------+------------------+------------+------------+----------------+
; Analysis & Synthesis ; DESKTOP-B62USAS  ; Windows 10 ; 10.0       ; x86_64         ;
; Fitter               ; DESKTOP-B62USAS  ; Windows 10 ; 10.0       ; x86_64         ;
; Assembler            ; DESKTOP-B62USAS  ; Windows 10 ; 10.0       ; x86_64         ;
; Timing Analyzer      ; DESKTOP-B62USAS  ; Windows 10 ; 10.0       ; x86_64         ;
; EDA Netlist Writer   ; DESKTOP-B62USAS  ; Windows 10 ; 10.0       ; x86_64         ;
+----------------------+------------------+------------+------------+----------------+


------------
; Flow Log ;
------------
quartus_map --read_settings_files=on --write_settings_files=off MyFlipFlopF_16 -c MyFlipFlopF_16
quartus_fit --read_settings_files=off --write_settings_files=off MyFlipFlopF_16 -c MyFlipFlopF_16
quartus_asm --read_settings_files=off --write_settings_files=off MyFlipFlopF_16 -c MyFlipFlopF_16
quartus_sta MyFlipFlopF_16 -c MyFlipFlopF_16
quartus_eda --read_settings_files=off --write_settings_files=off MyFlipFlopF_16 -c MyFlipFlopF_16



