Analysis & Synthesis report for TwoComplement16bit
Wed Mar 25 19:24:26 2026
Quartus Prime Version 19.1.0 Build 670 09/22/2019 SJ Lite Edition


---------------------
; Table of Contents ;
---------------------
  1. Legal Notice
  2. Analysis & Synthesis Summary
  3. Analysis & Synthesis Settings
  4. Parallel Compilation
  5. Analysis & Synthesis Source Files Read
  6. Analysis & Synthesis Resource Usage Summary
  7. Analysis & Synthesis Resource Utilization by Entity
  8. General Register Statistics
  9. Port Connectivity Checks: "MyFullAdder16bit:v16"
 10. Post-Synthesis Netlist Statistics for Top Partition
 11. Elapsed Time Per Partition
 12. Analysis & Synthesis Messages



----------------
; Legal Notice ;
----------------
Copyright (C) 2019  Intel Corporation. All rights reserved.
Your use of Intel Corporation's design tools, logic functions 
and other software and tools, and any partner logic 
functions, and any output files from any of the foregoing 
(including device programming or simulation files), and any 
associated documentation or information are expressly subject 
to the terms and conditions of the Intel Program License 
Subscription Agreement, the Intel Quartus Prime License Agreement,
the Intel FPGA IP License Agreement, or other applicable license
agreement, including, without limitation, that your use is for
the sole purpose of programming logic devices manufactured by
Intel and sold by Intel or its authorized distributors.  Please
refer to the applicable agreement for further details, at
https://fpgasoftware.intel.com/eula.



+-------------------------------------------------------------------------------+
; Analysis & Synthesis Summary                                                  ;
+---------------------------------+---------------------------------------------+
; Analysis & Synthesis Status     ; Successful - Wed Mar 25 19:24:26 2026       ;
; Quartus Prime Version           ; 19.1.0 Build 670 09/22/2019 SJ Lite Edition ;
; Revision Name                   ; TwoComplement16bit                          ;
; Top-level Entity Name           ; TwoComplement16bit                          ;
; Family                          ; Cyclone V                                   ;
; Logic utilization (in ALMs)     ; N/A                                         ;
; Total registers                 ; 0                                           ;
; Total pins                      ; 33                                          ;
; Total virtual pins              ; 0                                           ;
; Total block memory bits         ; 0                                           ;
; Total DSP Blocks                ; 0                                           ;
; Total HSSI RX PCSs              ; 0                                           ;
; Total HSSI PMA RX Deserializers ; 0                                           ;
; Total HSSI TX PCSs              ; 0                                           ;
; Total HSSI PMA TX Serializers   ; 0                                           ;
; Total PLLs                      ; 0                                           ;
; Total DLLs                      ; 0                                           ;
+---------------------------------+---------------------------------------------+


+---------------------------------------------------------------------------------------------------------------------------+
; Analysis & Synthesis Settings                                                                                             ;
+---------------------------------------------------------------------------------+--------------------+--------------------+
; Option                                                                          ; Setting            ; Default Value      ;
+---------------------------------------------------------------------------------+--------------------+--------------------+
; Device                                                                          ; 5CGXFC7C7F23C8     ;                    ;
; Top-level entity name                                                           ; TwoComplement16bit ; TwoComplement16bit ;
; Family name                                                                     ; Cyclone V          ; Cyclone V          ;
; Use smart compilation                                                           ; Off                ; Off                ;
; Enable parallel Assembler and Timing Analyzer during compilation                ; On                 ; On                 ;
; Enable compact report table                                                     ; Off                ; Off                ;
; Restructure Multiplexers                                                        ; Auto               ; Auto               ;
; MLAB Add Timing Constraints For Mixed-Port Feed-Through Mode Setting Don't Care ; Off                ; Off                ;
; Create Debugging Nodes for IP Cores                                             ; Off                ; Off                ;
; Preserve fewer node names                                                       ; On                 ; On                 ;
; Intel FPGA IP Evaluation Mode                                                   ; Enable             ; Enable             ;
; Verilog Version                                                                 ; Verilog_2001       ; Verilog_2001       ;
; VHDL Version                                                                    ; VHDL_1993          ; VHDL_1993          ;
; State Machine Processing                                                        ; Auto               ; Auto               ;
; Safe State Machine                                                              ; Off                ; Off                ;
; Extract Verilog State Machines                                                  ; On                 ; On                 ;
; Extract VHDL State Machines                                                     ; On                 ; On                 ;
; Ignore Verilog initial constructs                                               ; Off                ; Off                ;
; Iteration limit for constant Verilog loops                                      ; 5000               ; 5000               ;
; Iteration limit for non-constant Verilog loops                                  ; 250                ; 250                ;
; Add Pass-Through Logic to Inferred RAMs                                         ; On                 ; On                 ;
; Infer RAMs from Raw Logic                                                       ; On                 ; On                 ;
; Parallel Synthesis                                                              ; On                 ; On                 ;
; DSP Block Balancing                                                             ; Auto               ; Auto               ;
; NOT Gate Push-Back                                                              ; On                 ; On                 ;
; Power-Up Don't Care                                                             ; On                 ; On                 ;
; Remove Redundant Logic Cells                                                    ; Off                ; Off                ;
; Remove Duplicate Registers                                                      ; On                 ; On                 ;
; Ignore CARRY Buffers                                                            ; Off                ; Off                ;
; Ignore CASCADE Buffers                                                          ; Off                ; Off                ;
; Ignore GLOBAL Buffers                                                           ; Off                ; Off                ;
; Ignore ROW GLOBAL Buffers                                                       ; Off                ; Off                ;
; Ignore LCELL Buffers                                                            ; Off                ; Off                ;
; Ignore SOFT Buffers                                                             ; On                 ; On                 ;
; Limit AHDL Integers to 32 Bits                                                  ; Off                ; Off                ;
; Optimization Technique                                                          ; Balanced           ; Balanced           ;
; Carry Chain Length                                                              ; 70                 ; 70                 ;
; Auto Carry Chains                                                               ; On                 ; On                 ;
; Auto Open-Drain Pins                                                            ; On                 ; On                 ;
; Perform WYSIWYG Primitive Resynthesis                                           ; Off                ; Off                ;
; Auto ROM Replacement                                                            ; On                 ; On                 ;
; Auto RAM Replacement                                                            ; On                 ; On                 ;
; Auto DSP Block Replacement                                                      ; On                 ; On                 ;
; Auto Shift Register Replacement                                                 ; Auto               ; Auto               ;
; Allow Shift Register Merging across Hierarchies                                 ; Auto               ; Auto               ;
; Auto Clock Enable Replacement                                                   ; On                 ; On                 ;
; Strict RAM Replacement                                                          ; Off                ; Off                ;
; Allow Synchronous Control Signals                                               ; On                 ; On                 ;
; Force Use of Synchronous Clear Signals                                          ; Off                ; Off                ;
; Auto Resource Sharing                                                           ; Off                ; Off                ;
; Allow Any RAM Size For Recognition                                              ; Off                ; Off                ;
; Allow Any ROM Size For Recognition                                              ; Off                ; Off                ;
; Allow Any Shift Register Size For Recognition                                   ; Off                ; Off                ;
; Use LogicLock Constraints during Resource Balancing                             ; On                 ; On                 ;
; Ignore translate_off and synthesis_off directives                               ; Off                ; Off                ;
; Timing-Driven Synthesis                                                         ; On                 ; On                 ;
; Report Parameter Settings                                                       ; On                 ; On                 ;
; Report Source Assignments                                                       ; On                 ; On                 ;
; Report Connectivity Checks                                                      ; On                 ; On                 ;
; Ignore Maximum Fan-Out Assignments                                              ; Off                ; Off                ;
; Synchronization Register Chain Length                                           ; 3                  ; 3                  ;
; Power Optimization During Synthesis                                             ; Normal compilation ; Normal compilation ;
; HDL message level                                                               ; Level2             ; Level2             ;
; Suppress Register Optimization Related Messages                                 ; Off                ; Off                ;
; Number of Removed Registers Reported in Synthesis Report                        ; 5000               ; 5000               ;
; Number of Swept Nodes Reported in Synthesis Report                              ; 5000               ; 5000               ;
; Number of Inverted Registers Reported in Synthesis Report                       ; 100                ; 100                ;
; Clock MUX Protection                                                            ; On                 ; On                 ;
; Auto Gated Clock Conversion                                                     ; Off                ; Off                ;
; Block Design Naming                                                             ; Auto               ; Auto               ;
; SDC constraint protection                                                       ; Off                ; Off                ;
; Synthesis Effort                                                                ; Auto               ; Auto               ;
; Shift Register Replacement - Allow Asynchronous Clear Signal                    ; On                 ; On                 ;
; Pre-Mapping Resynthesis Optimization                                            ; Off                ; Off                ;
; Analysis & Synthesis Message Level                                              ; Medium             ; Medium             ;
; Disable Register Merging Across Hierarchies                                     ; Auto               ; Auto               ;
; Resource Aware Inference For Block RAM                                          ; On                 ; On                 ;
; Automatic Parallel Synthesis                                                    ; On                 ; On                 ;
; Partial Reconfiguration Bitstream ID                                            ; Off                ; Off                ;
+---------------------------------------------------------------------------------+--------------------+--------------------+


+------------------------------------------+
; Parallel Compilation                     ;
+----------------------------+-------------+
; Processors                 ; Number      ;
+----------------------------+-------------+
; Number detected on machine ; 24          ;
; Maximum allowed            ; 16          ;
;                            ;             ;
; Average used               ; 1.00        ;
; Maximum used               ; 1           ;
;                            ;             ;
; Usage by Processor         ; % Time Used ;
;     Processor 1            ; 100.0%      ;
+----------------------------+-------------+


+------------------------------------------------------------------------------------------------------------------------------------------------------------------+
; Analysis & Synthesis Source Files Read                                                                                                                           ;
+------------------------------------------+-----------------+-----------------+-------------------------------------------------------------------------+---------+
; File Name with User-Entered Path         ; Used in Netlist ; File Type       ; File Name with Absolute Path                                            ; Library ;
+------------------------------------------+-----------------+-----------------+-------------------------------------------------------------------------+---------+
; ../MyXor2/MyXor2.vhd                     ; yes             ; User VHDL File  ; C:/Quartus projects/ergasia 1/MyXor2/MyXor2.vhd                         ;         ;
; ../MyOr2/MyOr2.vhd                       ; yes             ; User VHDL File  ; C:/Quartus projects/ergasia 1/MyOr2/MyOr2.vhd                           ;         ;
; ../MyAnd2/MyAnd2.vhd                     ; yes             ; User VHDL File  ; C:/Quartus projects/ergasia 1/MyAnd2/MyAnd2.vhd                         ;         ;
; ../MyFullAdder1bit/MyFullAdder1bit.vhd   ; yes             ; User VHDL File  ; C:/Quartus projects/ergasia 1/MyFullAdder1bit/MyFullAdder1bit.vhd       ;         ;
; ../MyFullAdder16bit/MyFullAdder16bit.vhd ; yes             ; User VHDL File  ; C:/Quartus projects/ergasia 1/MyFullAdder16bit/MyFullAdder16bit.vhd     ;         ;
; ../MyNot/MyNot.vhd                       ; yes             ; User VHDL File  ; C:/Quartus projects/ergasia 1/MyNot/MyNot.vhd                           ;         ;
; TwoComplement16bit.vhd                   ; yes             ; User VHDL File  ; C:/Quartus projects/ergasia 1/TwoComplement16bit/TwoComplement16bit.vhd ;         ;
+------------------------------------------+-----------------+-----------------+-------------------------------------------------------------------------+---------+


+----------------------------------------------------------+
; Analysis & Synthesis Resource Usage Summary              ;
+---------------------------------------------+------------+
; Resource                                    ; Usage      ;
+---------------------------------------------+------------+
; Estimate of Logic utilization (ALMs needed) ; 12         ;
;                                             ;            ;
; Combinational ALUT usage for logic          ; 18         ;
;     -- 7 input functions                    ; 0          ;
;     -- 6 input functions                    ; 6          ;
;     -- 5 input functions                    ; 3          ;
;     -- 4 input functions                    ; 3          ;
;     -- <=3 input functions                  ; 6          ;
;                                             ;            ;
; Dedicated logic registers                   ; 0          ;
;                                             ;            ;
; I/O pins                                    ; 33         ;
;                                             ;            ;
; Total DSP Blocks                            ; 0          ;
;                                             ;            ;
; Maximum fan-out node                        ; R[0]~input ;
; Maximum fan-out                             ; 7          ;
; Total fan-out                               ; 128        ;
; Average fan-out                             ; 1.52       ;
+---------------------------------------------+------------+


+------------------------------------------------------------------------------------------------------------------------------------------------------------------------------------------------------------------------------------------------------------+
; Analysis & Synthesis Resource Utilization by Entity                                                                                                                                                                                                        ;
+-----------------------------+---------------------+---------------------------+-------------------+------------+------+--------------+---------------------------------------------------------------------------------+--------------------+--------------+
; Compilation Hierarchy Node  ; Combinational ALUTs ; Dedicated Logic Registers ; Block Memory Bits ; DSP Blocks ; Pins ; Virtual Pins ; Full Hierarchy Name                                                             ; Entity Name        ; Library Name ;
+-----------------------------+---------------------+---------------------------+-------------------+------------+------+--------------+---------------------------------------------------------------------------------+--------------------+--------------+
; |TwoComplement16bit         ; 18 (0)              ; 0 (0)                     ; 0                 ; 0          ; 33   ; 0            ; |TwoComplement16bit                                                             ; TwoComplement16bit ; work         ;
;    |MyFullAdder16bit:v16|   ; 18 (0)              ; 0 (0)                     ; 0                 ; 0          ; 0    ; 0            ; |TwoComplement16bit|MyFullAdder16bit:v16                                        ; MyFullAdder16bit   ; work         ;
;       |MyFullAdder1bit:v10| ; 2 (0)               ; 0 (0)                     ; 0                 ; 0          ; 0    ; 0            ; |TwoComplement16bit|MyFullAdder16bit:v16|MyFullAdder1bit:v10                    ; MyFullAdder1bit    ; work         ;
;          |MyAnd2:v4|        ; 1 (1)               ; 0 (0)                     ; 0                 ; 0          ; 0    ; 0            ; |TwoComplement16bit|MyFullAdder16bit:v16|MyFullAdder1bit:v10|MyAnd2:v4          ; MyAnd2             ; work         ;
;          |MyXor2:v3|        ; 1 (0)               ; 0 (0)                     ; 0                 ; 0          ; 0    ; 0            ; |TwoComplement16bit|MyFullAdder16bit:v16|MyFullAdder1bit:v10|MyXor2:v3          ; MyXor2             ; work         ;
;             |MyOr2:v4|      ; 1 (1)               ; 0 (0)                     ; 0                 ; 0          ; 0    ; 0            ; |TwoComplement16bit|MyFullAdder16bit:v16|MyFullAdder1bit:v10|MyXor2:v3|MyOr2:v4 ; MyOr2              ; work         ;
;       |MyFullAdder1bit:v11| ; 1 (0)               ; 0 (0)                     ; 0                 ; 0          ; 0    ; 0            ; |TwoComplement16bit|MyFullAdder16bit:v16|MyFullAdder1bit:v11                    ; MyFullAdder1bit    ; work         ;
;          |MyXor2:v3|        ; 1 (0)               ; 0 (0)                     ; 0                 ; 0          ; 0    ; 0            ; |TwoComplement16bit|MyFullAdder16bit:v16|MyFullAdder1bit:v11|MyXor2:v3          ; MyXor2             ; work         ;
;             |MyOr2:v4|      ; 1 (1)               ; 0 (0)                     ; 0                 ; 0          ; 0    ; 0            ; |TwoComplement16bit|MyFullAdder16bit:v16|MyFullAdder1bit:v11|MyXor2:v3|MyOr2:v4 ; MyOr2              ; work         ;
;       |MyFullAdder1bit:v12| ; 1 (0)               ; 0 (0)                     ; 0                 ; 0          ; 0    ; 0            ; |TwoComplement16bit|MyFullAdder16bit:v16|MyFullAdder1bit:v12                    ; MyFullAdder1bit    ; work         ;
;          |MyXor2:v3|        ; 1 (0)               ; 0 (0)                     ; 0                 ; 0          ; 0    ; 0            ; |TwoComplement16bit|MyFullAdder16bit:v16|MyFullAdder1bit:v12|MyXor2:v3          ; MyXor2             ; work         ;
;             |MyOr2:v4|      ; 1 (1)               ; 0 (0)                     ; 0                 ; 0          ; 0    ; 0            ; |TwoComplement16bit|MyFullAdder16bit:v16|MyFullAdder1bit:v12|MyXor2:v3|MyOr2:v4 ; MyOr2              ; work         ;
;       |MyFullAdder1bit:v13| ; 1 (0)               ; 0 (0)                     ; 0                 ; 0          ; 0    ; 0            ; |TwoComplement16bit|MyFullAdder16bit:v16|MyFullAdder1bit:v13                    ; MyFullAdder1bit    ; work         ;
;          |MyXor2:v3|        ; 1 (0)               ; 0 (0)                     ; 0                 ; 0          ; 0    ; 0            ; |TwoComplement16bit|MyFullAdder16bit:v16|MyFullAdder1bit:v13|MyXor2:v3          ; MyXor2             ; work         ;
;             |MyOr2:v4|      ; 1 (1)               ; 0 (0)                     ; 0                 ; 0          ; 0    ; 0            ; |TwoComplement16bit|MyFullAdder16bit:v16|MyFullAdder1bit:v13|MyXor2:v3|MyOr2:v4 ; MyOr2              ; work         ;
;       |MyFullAdder1bit:v14| ; 1 (0)               ; 0 (0)                     ; 0                 ; 0          ; 0    ; 0            ; |TwoComplement16bit|MyFullAdder16bit:v16|MyFullAdder1bit:v14                    ; MyFullAdder1bit    ; work         ;
;          |MyXor2:v3|        ; 1 (0)               ; 0 (0)                     ; 0                 ; 0          ; 0    ; 0            ; |TwoComplement16bit|MyFullAdder16bit:v16|MyFullAdder1bit:v14|MyXor2:v3          ; MyXor2             ; work         ;
;             |MyOr2:v4|      ; 1 (1)               ; 0 (0)                     ; 0                 ; 0          ; 0    ; 0            ; |TwoComplement16bit|MyFullAdder16bit:v16|MyFullAdder1bit:v14|MyXor2:v3|MyOr2:v4 ; MyOr2              ; work         ;
;       |MyFullAdder1bit:v15| ; 2 (0)               ; 0 (0)                     ; 0                 ; 0          ; 0    ; 0            ; |TwoComplement16bit|MyFullAdder16bit:v16|MyFullAdder1bit:v15                    ; MyFullAdder1bit    ; work         ;
;          |MyAnd2:v4|        ; 1 (1)               ; 0 (0)                     ; 0                 ; 0          ; 0    ; 0            ; |TwoComplement16bit|MyFullAdder16bit:v16|MyFullAdder1bit:v15|MyAnd2:v4          ; MyAnd2             ; work         ;
;          |MyXor2:v3|        ; 1 (0)               ; 0 (0)                     ; 0                 ; 0          ; 0    ; 0            ; |TwoComplement16bit|MyFullAdder16bit:v16|MyFullAdder1bit:v15|MyXor2:v3          ; MyXor2             ; work         ;
;             |MyOr2:v4|      ; 1 (1)               ; 0 (0)                     ; 0                 ; 0          ; 0    ; 0            ; |TwoComplement16bit|MyFullAdder16bit:v16|MyFullAdder1bit:v15|MyXor2:v3|MyOr2:v4 ; MyOr2              ; work         ;
;       |MyFullAdder1bit:v1|  ; 1 (0)               ; 0 (0)                     ; 0                 ; 0          ; 0    ; 0            ; |TwoComplement16bit|MyFullAdder16bit:v16|MyFullAdder1bit:v1                     ; MyFullAdder1bit    ; work         ;
;          |MyXor2:v3|        ; 1 (0)               ; 0 (0)                     ; 0                 ; 0          ; 0    ; 0            ; |TwoComplement16bit|MyFullAdder16bit:v16|MyFullAdder1bit:v1|MyXor2:v3           ; MyXor2             ; work         ;
;             |MyOr2:v4|      ; 1 (1)               ; 0 (0)                     ; 0                 ; 0          ; 0    ; 0            ; |TwoComplement16bit|MyFullAdder16bit:v16|MyFullAdder1bit:v1|MyXor2:v3|MyOr2:v4  ; MyOr2              ; work         ;
;       |MyFullAdder1bit:v2|  ; 1 (0)               ; 0 (0)                     ; 0                 ; 0          ; 0    ; 0            ; |TwoComplement16bit|MyFullAdder16bit:v16|MyFullAdder1bit:v2                     ; MyFullAdder1bit    ; work         ;
;          |MyXor2:v3|        ; 1 (0)               ; 0 (0)                     ; 0                 ; 0          ; 0    ; 0            ; |TwoComplement16bit|MyFullAdder16bit:v16|MyFullAdder1bit:v2|MyXor2:v3           ; MyXor2             ; work         ;
;             |MyOr2:v4|      ; 1 (1)               ; 0 (0)                     ; 0                 ; 0          ; 0    ; 0            ; |TwoComplement16bit|MyFullAdder16bit:v16|MyFullAdder1bit:v2|MyXor2:v3|MyOr2:v4  ; MyOr2              ; work         ;
;       |MyFullAdder1bit:v3|  ; 1 (0)               ; 0 (0)                     ; 0                 ; 0          ; 0    ; 0            ; |TwoComplement16bit|MyFullAdder16bit:v16|MyFullAdder1bit:v3                     ; MyFullAdder1bit    ; work         ;
;          |MyXor2:v3|        ; 1 (0)               ; 0 (0)                     ; 0                 ; 0          ; 0    ; 0            ; |TwoComplement16bit|MyFullAdder16bit:v16|MyFullAdder1bit:v3|MyXor2:v3           ; MyXor2             ; work         ;
;             |MyOr2:v4|      ; 1 (1)               ; 0 (0)                     ; 0                 ; 0          ; 0    ; 0            ; |TwoComplement16bit|MyFullAdder16bit:v16|MyFullAdder1bit:v3|MyXor2:v3|MyOr2:v4  ; MyOr2              ; work         ;
;       |MyFullAdder1bit:v4|  ; 1 (0)               ; 0 (0)                     ; 0                 ; 0          ; 0    ; 0            ; |TwoComplement16bit|MyFullAdder16bit:v16|MyFullAdder1bit:v4                     ; MyFullAdder1bit    ; work         ;
;          |MyXor2:v3|        ; 1 (0)               ; 0 (0)                     ; 0                 ; 0          ; 0    ; 0            ; |TwoComplement16bit|MyFullAdder16bit:v16|MyFullAdder1bit:v4|MyXor2:v3           ; MyXor2             ; work         ;
;             |MyOr2:v4|      ; 1 (1)               ; 0 (0)                     ; 0                 ; 0          ; 0    ; 0            ; |TwoComplement16bit|MyFullAdder16bit:v16|MyFullAdder1bit:v4|MyXor2:v3|MyOr2:v4  ; MyOr2              ; work         ;
;       |MyFullAdder1bit:v5|  ; 2 (0)               ; 0 (0)                     ; 0                 ; 0          ; 0    ; 0            ; |TwoComplement16bit|MyFullAdder16bit:v16|MyFullAdder1bit:v5                     ; MyFullAdder1bit    ; work         ;
;          |MyAnd2:v4|        ; 1 (1)               ; 0 (0)                     ; 0                 ; 0          ; 0    ; 0            ; |TwoComplement16bit|MyFullAdder16bit:v16|MyFullAdder1bit:v5|MyAnd2:v4           ; MyAnd2             ; work         ;
;          |MyXor2:v3|        ; 1 (0)               ; 0 (0)                     ; 0                 ; 0          ; 0    ; 0            ; |TwoComplement16bit|MyFullAdder16bit:v16|MyFullAdder1bit:v5|MyXor2:v3           ; MyXor2             ; work         ;
;             |MyOr2:v4|      ; 1 (1)               ; 0 (0)                     ; 0                 ; 0          ; 0    ; 0            ; |TwoComplement16bit|MyFullAdder16bit:v16|MyFullAdder1bit:v5|MyXor2:v3|MyOr2:v4  ; MyOr2              ; work         ;
;       |MyFullAdder1bit:v6|  ; 1 (0)               ; 0 (0)                     ; 0                 ; 0          ; 0    ; 0            ; |TwoComplement16bit|MyFullAdder16bit:v16|MyFullAdder1bit:v6                     ; MyFullAdder1bit    ; work         ;
;          |MyXor2:v3|        ; 1 (0)               ; 0 (0)                     ; 0                 ; 0          ; 0    ; 0            ; |TwoComplement16bit|MyFullAdder16bit:v16|MyFullAdder1bit:v6|MyXor2:v3           ; MyXor2             ; work         ;
;             |MyOr2:v4|      ; 1 (1)               ; 0 (0)                     ; 0                 ; 0          ; 0    ; 0            ; |TwoComplement16bit|MyFullAdder16bit:v16|MyFullAdder1bit:v6|MyXor2:v3|MyOr2:v4  ; MyOr2              ; work         ;
;       |MyFullAdder1bit:v7|  ; 1 (0)               ; 0 (0)                     ; 0                 ; 0          ; 0    ; 0            ; |TwoComplement16bit|MyFullAdder16bit:v16|MyFullAdder1bit:v7                     ; MyFullAdder1bit    ; work         ;
;          |MyXor2:v3|        ; 1 (0)               ; 0 (0)                     ; 0                 ; 0          ; 0    ; 0            ; |TwoComplement16bit|MyFullAdder16bit:v16|MyFullAdder1bit:v7|MyXor2:v3           ; MyXor2             ; work         ;
;             |MyOr2:v4|      ; 1 (1)               ; 0 (0)                     ; 0                 ; 0          ; 0    ; 0            ; |TwoComplement16bit|MyFullAdder16bit:v16|MyFullAdder1bit:v7|MyXor2:v3|MyOr2:v4  ; MyOr2              ; work         ;
;       |MyFullAdder1bit:v8|  ; 1 (0)               ; 0 (0)                     ; 0                 ; 0          ; 0    ; 0            ; |TwoComplement16bit|MyFullAdder16bit:v16|MyFullAdder1bit:v8                     ; MyFullAdder1bit    ; work         ;
;          |MyXor2:v3|        ; 1 (0)               ; 0 (0)                     ; 0                 ; 0          ; 0    ; 0            ; |TwoComplement16bit|MyFullAdder16bit:v16|MyFullAdder1bit:v8|MyXor2:v3           ; MyXor2             ; work         ;
;             |MyOr2:v4|      ; 1 (1)               ; 0 (0)                     ; 0                 ; 0          ; 0    ; 0            ; |TwoComplement16bit|MyFullAdder16bit:v16|MyFullAdder1bit:v8|MyXor2:v3|MyOr2:v4  ; MyOr2              ; work         ;
;       |MyFullAdder1bit:v9|  ; 1 (0)               ; 0 (0)                     ; 0                 ; 0          ; 0    ; 0            ; |TwoComplement16bit|MyFullAdder16bit:v16|MyFullAdder1bit:v9                     ; MyFullAdder1bit    ; work         ;
;          |MyXor2:v3|        ; 1 (0)               ; 0 (0)                     ; 0                 ; 0          ; 0    ; 0            ; |TwoComplement16bit|MyFullAdder16bit:v16|MyFullAdder1bit:v9|MyXor2:v3           ; MyXor2             ; work         ;
;             |MyOr2:v4|      ; 1 (1)               ; 0 (0)                     ; 0                 ; 0          ; 0    ; 0            ; |TwoComplement16bit|MyFullAdder16bit:v16|MyFullAdder1bit:v9|MyXor2:v3|MyOr2:v4  ; MyOr2              ; work         ;
+-----------------------------+---------------------+---------------------------+-------------------+------------+------+--------------+---------------------------------------------------------------------------------+--------------------+--------------+
Note: For table entries with two numbers listed, the numbers in parentheses indicate the number of resources of the given type used by the specific entity alone. The numbers listed outside of parentheses indicate the total resources of the given type used by the specific entity and all of its sub-entities in the hierarchy.


+------------------------------------------------------+
; General Register Statistics                          ;
+----------------------------------------------+-------+
; Statistic                                    ; Value ;
+----------------------------------------------+-------+
; Total registers                              ; 0     ;
; Number of registers using Synchronous Clear  ; 0     ;
; Number of registers using Synchronous Load   ; 0     ;
; Number of registers using Asynchronous Clear ; 0     ;
; Number of registers using Asynchronous Load  ; 0     ;
; Number of registers using Clock Enable       ; 0     ;
; Number of registers using Preset             ; 0     ;
+----------------------------------------------+-------+


+--------------------------------------------------+
; Port Connectivity Checks: "MyFullAdder16bit:v16" ;
+------+-------+----------+------------------------+
; Port ; Type  ; Severity ; Details                ;
+------+-------+----------+------------------------+
; b    ; Input ; Info     ; Stuck at GND           ;
; cin  ; Input ; Info     ; Stuck at VCC           ;
+------+-------+----------+------------------------+


+-----------------------------------------------------+
; Post-Synthesis Netlist Statistics for Top Partition ;
+-----------------------+-----------------------------+
; Type                  ; Count                       ;
+-----------------------+-----------------------------+
; arriav_lcell_comb     ; 19                          ;
;     normal            ; 19                          ;
;         1 data inputs ; 1                           ;
;         2 data inputs ; 3                           ;
;         3 data inputs ; 3                           ;
;         4 data inputs ; 3                           ;
;         5 data inputs ; 3                           ;
;         6 data inputs ; 6                           ;
; boundary_port         ; 33                          ;
;                       ;                             ;
; Max LUT depth         ; 4.00                        ;
; Average LUT depth     ; 2.71                        ;
+-----------------------+-----------------------------+


+-------------------------------+
; Elapsed Time Per Partition    ;
+----------------+--------------+
; Partition Name ; Elapsed Time ;
+----------------+--------------+
; Top            ; 00:00:00     ;
+----------------+--------------+


+-------------------------------+
; Analysis & Synthesis Messages ;
+-------------------------------+
Info: *******************************************************************
Info: Running Quartus Prime Analysis & Synthesis
    Info: Version 19.1.0 Build 670 09/22/2019 SJ Lite Edition
    Info: Processing started: Wed Mar 25 19:24:20 2026
Info: Command: quartus_map --read_settings_files=on --write_settings_files=off TwoComplement16bit -c TwoComplement16bit
Warning (18236): Number of processors has not been specified which may cause overloading on shared machines.  Set the global assignment NUM_PARALLEL_PROCESSORS in your QSF to an appropriate value for best performance.
Info (20030): Parallel compilation is enabled and will use 16 of the 24 processors detected
Info (12021): Found 2 design units, including 1 entities, in source file /quartus projects/ergasia 1/myxor2/myxor2.vhd
    Info (12022): Found design unit 1: MyXor2-StructuralMyXor2 File: C:/Quartus projects/ergasia 1/MyXor2/MyXor2.vhd Line: 10
    Info (12023): Found entity 1: MyXor2 File: C:/Quartus projects/ergasia 1/MyXor2/MyXor2.vhd Line: 4
Info (12021): Found 2 design units, including 1 entities, in source file /quartus projects/ergasia 1/myor2/myor2.vhd
    Info (12022): Found design unit 1: MyOr2-BehavioralMyOr2 File: C:/Quartus projects/ergasia 1/MyOr2/MyOr2.vhd Line: 10
    Info (12023): Found entity 1: MyOr2 File: C:/Quartus projects/ergasia 1/MyOr2/MyOr2.vhd Line: 4
Info (12021): Found 2 design units, including 1 entities, in source file /quartus projects/ergasia 1/myand2/myand2.vhd
    Info (12022): Found design unit 1: MyAnd2-behavioralOfMyAnd2 File: C:/Quartus projects/ergasia 1/MyAnd2/MyAnd2.vhd Line: 10
    Info (12023): Found entity 1: MyAnd2 File: C:/Quartus projects/ergasia 1/MyAnd2/MyAnd2.vhd Line: 4
Info (12021): Found 2 design units, including 1 entities, in source file /quartus projects/ergasia 1/myfulladder1bit/myfulladder1bit.vhd
    Info (12022): Found design unit 1: MyFullAdder1bit-StructuralOfMyFullAdder1bit File: C:/Quartus projects/ergasia 1/MyFullAdder1bit/MyFullAdder1bit.vhd Line: 12
    Info (12023): Found entity 1: MyFullAdder1bit File: C:/Quartus projects/ergasia 1/MyFullAdder1bit/MyFullAdder1bit.vhd Line: 4
Info (12021): Found 2 design units, including 1 entities, in source file /quartus projects/ergasia 1/myfulladder16bit/myfulladder16bit.vhd
    Info (12022): Found design unit 1: MyFullAdder16bit-StructuralMyFullAdder16bit File: C:/Quartus projects/ergasia 1/MyFullAdder16bit/MyFullAdder16bit.vhd Line: 12
    Info (12023): Found entity 1: MyFullAdder16bit File: C:/Quartus projects/ergasia 1/MyFullAdder16bit/MyFullAdder16bit.vhd Line: 4
Info (12021): Found 2 design units, including 1 entities, in source file /quartus projects/ergasia 1/mynot/mynot.vhd
    Info (12022): Found design unit 1: MyNot-BehavioralMyNot File: C:/Quartus projects/ergasia 1/MyNot/MyNot.vhd Line: 9
    Info (12023): Found entity 1: MyNot File: C:/Quartus projects/ergasia 1/MyNot/MyNot.vhd Line: 4
Info (12021): Found 2 design units, including 1 entities, in source file twocomplement16bit.vhd
    Info (12022): Found design unit 1: TwoComplement16bit-StructTwoComplement16bit File: C:/Quartus projects/ergasia 1/TwoComplement16bit/TwoComplement16bit.vhd Line: 10
    Info (12023): Found entity 1: TwoComplement16bit File: C:/Quartus projects/ergasia 1/TwoComplement16bit/TwoComplement16bit.vhd Line: 4
Info (12127): Elaborating entity "TwoComplement16bit" for the top level hierarchy
Info (12128): Elaborating entity "MyNot" for hierarchy "MyNot:v0" File: C:/Quartus projects/ergasia 1/TwoComplement16bit/TwoComplement16bit.vhd Line: 30
Info (12128): Elaborating entity "MyFullAdder16bit" for hierarchy "MyFullAdder16bit:v16" File: C:/Quartus projects/ergasia 1/TwoComplement16bit/TwoComplement16bit.vhd Line: 46
Info (12128): Elaborating entity "MyFullAdder1bit" for hierarchy "MyFullAdder16bit:v16|MyFullAdder1bit:v0" File: C:/Quartus projects/ergasia 1/MyFullAdder16bit/MyFullAdder16bit.vhd Line: 25
Info (12128): Elaborating entity "MyXor2" for hierarchy "MyFullAdder16bit:v16|MyFullAdder1bit:v0|MyXor2:v1" File: C:/Quartus projects/ergasia 1/MyFullAdder1bit/MyFullAdder1bit.vhd Line: 35
Info (12128): Elaborating entity "MyAnd2" for hierarchy "MyFullAdder16bit:v16|MyFullAdder1bit:v0|MyXor2:v1|MyAnd2:v2" File: C:/Quartus projects/ergasia 1/MyXor2/MyXor2.vhd Line: 34
Info (12128): Elaborating entity "MyOr2" for hierarchy "MyFullAdder16bit:v16|MyFullAdder1bit:v0|MyXor2:v1|MyOr2:v4" File: C:/Quartus projects/ergasia 1/MyXor2/MyXor2.vhd Line: 36
Info (286030): Timing-Driven Synthesis is running
Info (16010): Generating hard_block partition "hard_block:auto_generated_inst"
    Info (16011): Adding 0 node(s), including 0 DDIO, 0 PLL, 0 transceiver and 0 LCELL
Info (21057): Implemented 51 device resources after synthesis - the final resource count might be different
    Info (21058): Implemented 16 input pins
    Info (21059): Implemented 17 output pins
    Info (21061): Implemented 18 logic cells
Info: Quartus Prime Analysis & Synthesis was successful. 0 errors, 1 warning
    Info: Peak virtual memory: 4878 megabytes
    Info: Processing ended: Wed Mar 25 19:24:26 2026
    Info: Elapsed time: 00:00:06
    Info: Total CPU time (on all processors): 00:00:15


